{"C:\\Users\\jordo\\Desktop\\juan_n5\\App_Host\\src\\App.jsx": {"path":"C:\\Users\\jordo\\Desktop\\juan_n5\\App_Host\\src\\App.jsx","statementMap":{"0":{"start":{"line":7,"column":15},"end":{"line":7,"column":50}},"1":{"start":{"line":7,"column":26},"end":{"line":7,"column":49}},"2":{"start":{"line":8,"column":17},"end":{"line":8,"column":56}},"3":{"start":{"line":8,"column":28},"end":{"line":8,"column":55}},"4":{"start":{"line":10,"column":12},"end":{"line":49,"column":1}},"5":{"start":{"line":11,"column":46},"end":{"line":11,"column":58}},"6":{"start":{"line":12,"column":42},"end":{"line":12,"column":54}},"7":{"start":{"line":13,"column":38},"end":{"line":13,"column":50}},"8":{"start":{"line":14,"column":16},"end":{"line":14,"column":32}},"9":{"start":{"line":15,"column":24},"end":{"line":29,"column":3}},"10":{"start":{"line":16,"column":17},"end":{"line":16,"column":63}},"11":{"start":{"line":17,"column":17},"end":{"line":17,"column":63}},"12":{"start":{"line":18,"column":4},"end":{"line":28,"column":9}},"13":{"start":{"line":20,"column":8},"end":{"line":20,"column":65}},"14":{"start":{"line":20,"column":48},"end":{"line":20,"column":63}},"15":{"start":{"line":23,"column":8},"end":{"line":23,"column":50}},"16":{"start":{"line":24,"column":8},"end":{"line":24,"column":48}},"17":{"start":{"line":27,"column":8},"end":{"line":27,"column":29}},"18":{"start":{"line":31,"column":2},"end":{"line":33,"column":9}},"19":{"start":{"line":32,"column":4},"end":{"line":32,"column":20}},"20":{"start":{"line":36,"column":2},"end":{"line":48,"column":4}}},"fnMap":{"0":{"name":"(anonymous_0)","decl":{"start":{"line":7,"column":20},"end":{"line":7,"column":21}},"loc":{"start":{"line":7,"column":26},"end":{"line":7,"column":49}},"line":7},"1":{"name":"(anonymous_1)","decl":{"start":{"line":8,"column":22},"end":{"line":8,"column":23}},"loc":{"start":{"line":8,"column":28},"end":{"line":8,"column":55}},"line":8},"2":{"name":"(anonymous_2)","decl":{"start":{"line":10,"column":12},"end":{"line":10,"column":13}},"loc":{"start":{"line":10,"column":18},"end":{"line":49,"column":1}},"line":10},"3":{"name":"(anonymous_3)","decl":{"start":{"line":15,"column":24},"end":{"line":15,"column":25}},"loc":{"start":{"line":15,"column":36},"end":{"line":29,"column":3}},"line":15},"4":{"name":"(anonymous_4)","decl":{"start":{"line":19,"column":12},"end":{"line":19,"column":13}},"loc":{"start":{"line":20,"column":8},"end":{"line":20,"column":65}},"line":20},"5":{"name":"(anonymous_5)","decl":{"start":{"line":20,"column":34},"end":{"line":20,"column":35}},"loc":{"start":{"line":20,"column":48},"end":{"line":20,"column":63}},"line":20},"6":{"name":"(anonymous_6)","decl":{"start":{"line":22,"column":12},"end":{"line":22,"column":13}},"loc":{"start":{"line":22,"column":22},"end":{"line":25,"column":7}},"line":22},"7":{"name":"(anonymous_7)","decl":{"start":{"line":26,"column":13},"end":{"line":26,"column":14}},"loc":{"start":{"line":26,"column":24},"end":{"line":28,"column":7}},"line":26},"8":{"name":"(anonymous_8)","decl":{"start":{"line":31,"column":12},"end":{"line":31,"column":13}},"loc":{"start":{"line":31,"column":18},"end":{"line":33,"column":3}},"line":31}},"branchMap":{"0":{"loc":{"start":{"line":40,"column":11},"end":{"line":42,"column":11}},"type":"binary-expr","locations":[{"start":{"line":40,"column":11},"end":{"line":40,"column":46}},{"start":{"line":41,"column":12},"end":{"line":41,"column":81}}],"line":40},"1":{"loc":{"start":{"line":43,"column":11},"end":{"line":45,"column":11}},"type":"binary-expr","locations":[{"start":{"line":43,"column":11},"end":{"line":43,"column":46}},{"start":{"line":44,"column":12},"end":{"line":44,"column":87}}],"line":43}},"s":{"0":1,"1":0,"2":1,"3":0,"4":1,"5":0,"6":0,"7":0,"8":0,"9":0,"10":0,"11":0,"12":0,"13":0,"14":0,"15":0,"16":0,"17":0,"18":0,"19":0,"20":0},"f":{"0":0,"1":0,"2":0,"3":0,"4":0,"5":0,"6":0,"7":0,"8":0},"b":{"0":[0,0],"1":[0,0]},"_coverageSchema":"1a1c01bbd47fc00a2c39e90264f33305004495a9","hash":"16572ab33e78a2e24f244a1bb3cea54521bb8a5b"}
,"C:\\Users\\jordo\\Desktop\\juan_n5\\App_Host\\src\\entry.js": {"path":"C:\\Users\\jordo\\Desktop\\juan_n5\\App_Host\\src\\entry.js","statementMap":{"0":{"start":{"line":1,"column":0},"end":{"line":1,"column":21}}},"fnMap":{},"branchMap":{},"s":{"0":0},"f":{},"b":{}}
,"C:\\Users\\jordo\\Desktop\\juan_n5\\App_Host\\src\\i18n.js": {"path":"C:\\Users\\jordo\\Desktop\\juan_n5\\App_Host\\src\\i18n.js","statementMap":{"0":{"start":{"line":6,"column":0},"end":{"line":21,"column":5}}},"fnMap":{},"branchMap":{},"s":{"0":0},"f":{},"b":{}}
,"C:\\Users\\jordo\\Desktop\\juan_n5\\App_Host\\src\\index.js": {"path":"C:\\Users\\jordo\\Desktop\\juan_n5\\App_Host\\src\\index.js","statementMap":{"0":{"start":{"line":7,"column":20},"end":{"line":7,"column":56}},"1":{"start":{"line":8,"column":13},"end":{"line":8,"column":36}},"2":{"start":{"line":10,"column":0},"end":{"line":14,"column":2}}},"fnMap":{},"branchMap":{},"s":{"0":0,"1":0,"2":0},"f":{},"b":{}}
,"C:\\Users\\jordo\\Desktop\\juan_n5\\App_Host\\src\\components\\Header.jsx": {"path":"C:\\Users\\jordo\\Desktop\\juan_n5\\App_Host\\src\\components\\Header.jsx","statementMap":{"0":{"start":{"line":12,"column":15},"end":{"line":41,"column":1}},"1":{"start":{"line":13,"column":22},"end":{"line":13,"column":38}},"2":{"start":{"line":14,"column":23},"end":{"line":17,"column":3}},"3":{"start":{"line":15,"column":22},"end":{"line":15,"column":36}},"4":{"start":{"line":16,"column":4},"end":{"line":16,"column":35}},"5":{"start":{"line":18,"column":2},"end":{"line":40,"column":4}},"6":{"start":{"line":32,"column":37},"end":{"line":32,"column":66}},"7":{"start":{"line":35,"column":37},"end":{"line":35,"column":66}}},"fnMap":{"0":{"name":"(anonymous_0)","decl":{"start":{"line":12,"column":15},"end":{"line":12,"column":16}},"loc":{"start":{"line":12,"column":36},"end":{"line":41,"column":1}},"line":12},"1":{"name":"(anonymous_1)","decl":{"start":{"line":14,"column":23},"end":{"line":14,"column":24}},"loc":{"start":{"line":14,"column":30},"end":{"line":17,"column":3}},"line":14},"2":{"name":"(anonymous_2)","decl":{"start":{"line":32,"column":31},"end":{"line":32,"column":32}},"loc":{"start":{"line":32,"column":37},"end":{"line":32,"column":66}},"line":32},"3":{"name":"(anonymous_3)","decl":{"start":{"line":35,"column":31},"end":{"line":35,"column":32}},"loc":{"start":{"line":35,"column":37},"end":{"line":35,"column":66}},"line":35}},"branchMap":{},"s":{"0":1,"1":0,"2":0,"3":0,"4":0,"5":0,"6":0,"7":0},"f":{"0":0,"1":0,"2":0,"3":0},"b":{},"_coverageSchema":"1a1c01bbd47fc00a2c39e90264f33305004495a9","hash":"3640634e03e73ea05119a8f20372075eed902163"}
,"C:\\Users\\jordo\\Desktop\\juan_n5\\App_Host\\src\\components\\UI_Elements\\StyledButton.js": {"path":"C:\\Users\\jordo\\Desktop\\juan_n5\\App_Host\\src\\components\\UI_Elements\\StyledButton.js","statementMap":{"0":{"start":{"line":4,"column":28},"end":{"line":17,"column":1}},"1":{"start":{"line":18,"column":21},"end":{"line":24,"column":1}},"2":{"start":{"line":19,"column":2},"end":{"line":23,"column":4}}},"fnMap":{"0":{"name":"(anonymous_0)","decl":{"start":{"line":18,"column":21},"end":{"line":18,"column":22}},"loc":{"start":{"line":18,"column":58},"end":{"line":24,"column":1}},"line":18}},"branchMap":{},"s":{"0":1,"1":1,"2":0},"f":{"0":0},"b":{},"_coverageSchema":"1a1c01bbd47fc00a2c39e90264f33305004495a9","hash":"f020b44e4805f67b7bfadcaea7fea22c8b517ae7"}
,"C:\\Users\\jordo\\Desktop\\juan_n5\\App_Host\\src\\components\\UI_Elements\\StyledDropdown.js": {"path":"C:\\Users\\jordo\\Desktop\\juan_n5\\App_Host\\src\\components\\UI_Elements\\StyledDropdown.js","statementMap":{"0":{"start":{"line":4,"column":30},"end":{"line":14,"column":1}},"1":{"start":{"line":15,"column":15},"end":{"line":19,"column":1}},"2":{"start":{"line":21,"column":23},"end":{"line":36,"column":1}},"3":{"start":{"line":22,"column":2},"end":{"line":35,"column":4}},"4":{"start":{"line":29,"column":8},"end":{"line":31,"column":17}}},"fnMap":{"0":{"name":"(anonymous_0)","decl":{"start":{"line":21,"column":23},"end":{"line":21,"column":24}},"loc":{"start":{"line":21,"column":68},"end":{"line":36,"column":1}},"line":21},"1":{"name":"(anonymous_1)","decl":{"start":{"line":28,"column":23},"end":{"line":28,"column":24}},"loc":{"start":{"line":29,"column":8},"end":{"line":31,"column":17}},"line":29}},"branchMap":{},"s":{"0":1,"1":1,"2":1,"3":0,"4":0},"f":{"0":0,"1":0},"b":{},"_coverageSchema":"1a1c01bbd47fc00a2c39e90264f33305004495a9","hash":"c21f761aeb70d5ab4982ac53b8ed7a5ca9a6cdc9"}
,"C:\\Users\\jordo\\Desktop\\juan_n5\\App_Host\\src\\components\\UI_Elements\\StyledFlexContainer.js": {"path":"C:\\Users\\jordo\\Desktop\\juan_n5\\App_Host\\src\\components\\UI_Elements\\StyledFlexContainer.js","statementMap":{"0":{"start":{"line":6,"column":35},"end":{"line":13,"column":1}},"1":{"start":{"line":15,"column":28},"end":{"line":21,"column":1}},"2":{"start":{"line":16,"column":2},"end":{"line":20,"column":4}}},"fnMap":{"0":{"name":"(anonymous_0)","decl":{"start":{"line":15,"column":28},"end":{"line":15,"column":29}},"loc":{"start":{"line":15,"column":45},"end":{"line":21,"column":1}},"line":15}},"branchMap":{},"s":{"0":1,"1":1,"2":0},"f":{"0":0},"b":{},"_coverageSchema":"1a1c01bbd47fc00a2c39e90264f33305004495a9","hash":"ffff38b0316ea00ec26b1f33a87f4106d6a95140"}
,"C:\\Users\\jordo\\Desktop\\juan_n5\\App_Host\\src\\components\\UI_Elements\\StyledImage.js": {"path":"C:\\Users\\jordo\\Desktop\\juan_n5\\App_Host\\src\\components\\UI_Elements\\StyledImage.js","statementMap":{"0":{"start":{"line":4,"column":27},"end":{"line":6,"column":1}},"1":{"start":{"line":8,"column":20},"end":{"line":10,"column":1}},"2":{"start":{"line":9,"column":2},"end":{"line":9,"column":42}}},"fnMap":{"0":{"name":"(anonymous_0)","decl":{"start":{"line":8,"column":20},"end":{"line":8,"column":21}},"loc":{"start":{"line":8,"column":33},"end":{"line":10,"column":1}},"line":8}},"branchMap":{},"s":{"0":0,"1":0,"2":0},"f":{"0":0},"b":{}}
,"C:\\Users\\jordo\\Desktop\\juan_n5\\App_Host\\src\\components\\UI_Elements\\StyledItemContainer.js": {"path":"C:\\Users\\jordo\\Desktop\\juan_n5\\App_Host\\src\\components\\UI_Elements\\StyledItemContainer.js","statementMap":{"0":{"start":{"line":8,"column":26},"end":{"line":14,"column":1}},"1":{"start":{"line":17,"column":28},"end":{"line":24,"column":1}},"2":{"start":{"line":18,"column":2},"end":{"line":23,"column":4}}},"fnMap":{"0":{"name":"(anonymous_0)","decl":{"start":{"line":17,"column":28},"end":{"line":17,"column":29}},"loc":{"start":{"line":17,"column":84},"end":{"line":24,"column":1}},"line":17}},"branchMap":{"0":{"loc":{"start":{"line":17,"column":54},"end":{"line":17,"column":77}},"type":"default-arg","locations":[{"start":{"line":17,"column":63},"end":{"line":17,"column":77}}],"line":17}},"s":{"0":0,"1":0,"2":0},"f":{"0":0},"b":{"0":[0]}}
,"C:\\Users\\jordo\\Desktop\\juan_n5\\App_Host\\src\\components\\UI_Elements\\StyledMainContainer.js": {"path":"C:\\Users\\jordo\\Desktop\\juan_n5\\App_Host\\src\\components\\UI_Elements\\StyledMainContainer.js","statementMap":{"0":{"start":{"line":4,"column":35},"end":{"line":9,"column":1}},"1":{"start":{"line":10,"column":32},"end":{"line":12,"column":1}},"2":{"start":{"line":14,"column":36},"end":{"line":17,"column":1}},"3":{"start":{"line":19,"column":28},"end":{"line":33,"column":1}},"4":{"start":{"line":20,"column":2},"end":{"line":32,"column":4}}},"fnMap":{"0":{"name":"(anonymous_0)","decl":{"start":{"line":19,"column":28},"end":{"line":19,"column":29}},"loc":{"start":{"line":19,"column":62},"end":{"line":33,"column":1}},"line":19}},"branchMap":{"0":{"loc":{"start":{"line":19,"column":31},"end":{"line":19,"column":45}},"type":"default-arg","locations":[{"start":{"line":19,"column":38},"end":{"line":19,"column":45}}],"line":19},"1":{"loc":{"start":{"line":22,"column":7},"end":{"line":24,"column":7}},"type":"binary-expr","locations":[{"start":{"line":22,"column":7},"end":{"line":22,"column":22}},{"start":{"line":23,"column":8},"end":{"line":23,"column":69}}],"line":22},"2":{"loc":{"start":{"line":25,"column":7},"end":{"line":27,"column":7}},"type":"binary-expr","locations":[{"start":{"line":25,"column":7},"end":{"line":25,"column":23}},{"start":{"line":26,"column":8},"end":{"line":26,"column":75}}],"line":25},"3":{"loc":{"start":{"line":28,"column":7},"end":{"line":30,"column":7}},"type":"binary-expr","locations":[{"start":{"line":28,"column":7},"end":{"line":28,"column":26}},{"start":{"line":29,"column":8},"end":{"line":29,"column":77}}],"line":28}},"s":{"0":1,"1":1,"2":1,"3":1,"4":0},"f":{"0":0},"b":{"0":[0],"1":[0,0],"2":[0,0],"3":[0,0]},"_coverageSchema":"1a1c01bbd47fc00a2c39e90264f33305004495a9","hash":"e63f774f07ec83ade25f60eff9a4090e7a193428"}
,"C:\\Users\\jordo\\Desktop\\juan_n5\\App_Host\\src\\components\\UI_Elements\\StyledSimpleContainer.js": {"path":"C:\\Users\\jordo\\Desktop\\juan_n5\\App_Host\\src\\components\\UI_Elements\\StyledSimpleContainer.js","statementMap":{"0":{"start":{"line":5,"column":37},"end":{"line":8,"column":1}},"1":{"start":{"line":10,"column":30},"end":{"line":14,"column":1}},"2":{"start":{"line":11,"column":2},"end":{"line":13,"column":4}}},"fnMap":{"0":{"name":"(anonymous_0)","decl":{"start":{"line":10,"column":30},"end":{"line":10,"column":31}},"loc":{"start":{"line":10,"column":48},"end":{"line":14,"column":1}},"line":10}},"branchMap":{},"s":{"0":1,"1":1,"2":0},"f":{"0":0},"b":{},"_coverageSchema":"1a1c01bbd47fc00a2c39e90264f33305004495a9","hash":"f07d1cd1f5b02c0d9732d0355261267dbec7e1d9"}
,"C:\\Users\\jordo\\Desktop\\juan_n5\\App_Host\\src\\components\\UI_Elements\\StyledSubtitle.js": {"path":"C:\\Users\\jordo\\Desktop\\juan_n5\\App_Host\\src\\components\\UI_Elements\\StyledSubtitle.js","statementMap":{"0":{"start":{"line":4,"column":30},"end":{"line":8,"column":1}},"1":{"start":{"line":10,"column":28},"end":{"line":12,"column":1}},"2":{"start":{"line":13,"column":23},"end":{"line":19,"column":1}},"3":{"start":{"line":14,"column":2},"end":{"line":18,"column":4}}},"fnMap":{"0":{"name":"(anonymous_0)","decl":{"start":{"line":13,"column":23},"end":{"line":13,"column":24}},"loc":{"start":{"line":13,"column":47},"end":{"line":19,"column":1}},"line":13}},"branchMap":{"0":{"loc":{"start":{"line":14,"column":9},"end":{"line":18,"column":3}},"type":"cond-expr","locations":[{"start":{"line":15,"column":4},"end":{"line":15,"column":57}},{"start":{"line":17,"column":4},"end":{"line":17,"column":61}}],"line":14}},"s":{"0":1,"1":1,"2":1,"3":0},"f":{"0":0},"b":{"0":[0,0]},"_coverageSchema":"1a1c01bbd47fc00a2c39e90264f33305004495a9","hash":"d7a934860f150456f87dded780c18c45d924d742"}
,"C:\\Users\\jordo\\Desktop\\juan_n5\\App_Host\\src\\components\\UI_Elements\\StyledText.js": {"path":"C:\\Users\\jordo\\Desktop\\juan_n5\\App_Host\\src\\components\\UI_Elements\\StyledText.js","statementMap":{"0":{"start":{"line":5,"column":26},"end":{"line":11,"column":1}},"1":{"start":{"line":12,"column":24},"end":{"line":14,"column":1}},"2":{"start":{"line":15,"column":19},"end":{"line":21,"column":1}},"3":{"start":{"line":16,"column":2},"end":{"line":20,"column":4}}},"fnMap":{"0":{"name":"(anonymous_0)","decl":{"start":{"line":15,"column":19},"end":{"line":15,"column":20}},"loc":{"start":{"line":15,"column":43},"end":{"line":21,"column":1}},"line":15}},"branchMap":{"0":{"loc":{"start":{"line":16,"column":9},"end":{"line":20,"column":3}},"type":"cond-expr","locations":[{"start":{"line":17,"column":4},"end":{"line":17,"column":49}},{"start":{"line":19,"column":4},"end":{"line":19,"column":53}}],"line":16}},"s":{"0":0,"1":0,"2":0,"3":0},"f":{"0":0},"b":{"0":[0,0]}}
,"C:\\Users\\jordo\\Desktop\\juan_n5\\App_Host\\src\\components\\UI_Elements\\StyledTitle.js": {"path":"C:\\Users\\jordo\\Desktop\\juan_n5\\App_Host\\src\\components\\UI_Elements\\StyledTitle.js","statementMap":{"0":{"start":{"line":4,"column":27},"end":{"line":9,"column":1}},"1":{"start":{"line":10,"column":25},"end":{"line":12,"column":1}},"2":{"start":{"line":13,"column":20},"end":{"line":19,"column":1}},"3":{"start":{"line":14,"column":2},"end":{"line":18,"column":4}}},"fnMap":{"0":{"name":"(anonymous_0)","decl":{"start":{"line":13,"column":20},"end":{"line":13,"column":21}},"loc":{"start":{"line":13,"column":44},"end":{"line":19,"column":1}},"line":13}},"branchMap":{"0":{"loc":{"start":{"line":14,"column":9},"end":{"line":18,"column":3}},"type":"cond-expr","locations":[{"start":{"line":15,"column":4},"end":{"line":15,"column":51}},{"start":{"line":17,"column":4},"end":{"line":17,"column":55}}],"line":14}},"s":{"0":1,"1":1,"2":1,"3":0},"f":{"0":0},"b":{"0":[0,0]},"_coverageSchema":"1a1c01bbd47fc00a2c39e90264f33305004495a9","hash":"2bbe58360744bfd78f60a2dce230a6855dda43de"}
,"C:\\Users\\jordo\\Desktop\\juan_n5\\App_Host\\src\\helpers\\constants.js": {"path":"C:\\Users\\jordo\\Desktop\\juan_n5\\App_Host\\src\\helpers\\constants.js","statementMap":{"0":{"start":{"line":1,"column":24},"end":{"line":4,"column":1}},"1":{"start":{"line":6,"column":25},"end":{"line":9,"column":1}},"2":{"start":{"line":11,"column":27},"end":{"line":11,"column":44}}},"fnMap":{},"branchMap":{},"s":{"0":1,"1":1,"2":1},"f":{},"b":{},"_coverageSchema":"1a1c01bbd47fc00a2c39e90264f33305004495a9","hash":"28944611104c3e265b3be38d468d0b85ca4d7230"}
}
